INFO - 2025-01-26 21:56:54,310 - Start with stock analysis run
INFO - 2025-01-26 21:56:54,312 - Running a full analysis for all stocks available
INFO - 2025-01-26 21:57:00,198 - Number of symbols in trade list: 10042
INFO - 2025-01-26 21:57:00,199 - Max number of 10 symbols included in analysis
INFO - 2025-01-26 21:57:01,279 - Stock ALLLN.PA will be analyzed
INFO - 2025-01-26 21:57:01,279 - This is number 1 in the total list of stocks
WARNING - 2025-01-26 21:57:01,289 - DataFrame in this stock is empty for key_metrics
WARNING - 2025-01-26 21:57:01,289 - Not all dataframes contain data for: ALLLN.PA - therefore no analysis possible
WARNING - 2025-01-26 21:57:01,290 - DataFrame in this stock is empty for key_metrics
WARNING - 2025-01-26 21:57:01,290 - Not all dataframes contain data for: ALLLN.PA - therefore no analysis possible
WARNING - 2025-01-26 21:57:01,291 - DataFrame in this stock is empty for key_metrics
WARNING - 2025-01-26 21:57:01,291 - Not all dataframes contain data for: ALLLN.PA - therefore no analysis possible
INFO - 2025-01-26 21:57:01,826 - Stock GS will be analyzed
INFO - 2025-01-26 21:57:01,826 - This is number 2 in the total list of stocks
INFO - 2025-01-26 21:57:01,852 - Stock GS DOES NOT MEET the criteria for screener type undervalued
INFO - 2025-01-26 21:57:01,856 - Stock GS DOES NOT MEET the criteria for screener type growth
INFO - 2025-01-26 21:57:01,859 - Stock GS DOES NOT MEET the criteria for screener type magic_formula
INFO - 2025-01-26 21:57:02,236 - Stock SXT will be analyzed
INFO - 2025-01-26 21:57:02,238 - This is number 3 in the total list of stocks
INFO - 2025-01-26 21:57:02,274 - Stock SXT DOES NOT MEET the criteria for screener type undervalued
INFO - 2025-01-26 21:57:02,283 - Stock SXT DOES NOT MEET the criteria for screener type growth
INFO - 2025-01-26 21:57:02,289 - Stock SXT DOES NOT MEET the criteria for screener type magic_formula
INFO - 2025-01-26 21:57:02,526 - Stock CRTM.L will be analyzed
INFO - 2025-01-26 21:57:02,527 - This is number 4 in the total list of stocks
INFO - 2025-01-26 21:57:02,560 - Stock CRTM.L DOES NOT MEET the criteria for screener type undervalued
INFO - 2025-01-26 21:57:02,567 - Stock CRTM.L DOES NOT MEET the criteria for screener type growth
INFO - 2025-01-26 21:57:02,574 - Stock CRTM.L DOES NOT MEET the criteria for screener type magic_formula
INFO - 2025-01-26 21:57:02,815 - Stock GRF will be analyzed
INFO - 2025-01-26 21:57:02,816 - This is number 5 in the total list of stocks
INFO - 2025-01-26 21:57:02,846 - Stock GRF DOES NOT MEET the criteria for screener type undervalued
INFO - 2025-01-26 21:57:02,851 - Stock GRF DOES NOT MEET the criteria for screener type growth
INFO - 2025-01-26 21:57:02,856 - Stock GRF DOES NOT MEET the criteria for screener type magic_formula
INFO - 2025-01-26 21:57:03,122 - Stock APTO will be analyzed
INFO - 2025-01-26 21:57:03,122 - This is number 6 in the total list of stocks
INFO - 2025-01-26 21:57:03,142 - Stock APTO DOES NOT MEET the criteria for screener type undervalued
INFO - 2025-01-26 21:57:03,146 - Stock APTO DOES NOT MEET the criteria for screener type growth
INFO - 2025-01-26 21:57:03,149 - Stock APTO DOES NOT MEET the criteria for screener type magic_formula
INFO - 2025-01-26 21:57:03,443 - Stock NTRBW will be analyzed
INFO - 2025-01-26 21:57:03,444 - This is number 7 in the total list of stocks
INFO - 2025-01-26 21:57:03,465 - Stock NTRBW DOES NOT MEET the criteria for screener type undervalued
INFO - 2025-01-26 21:57:03,470 - Stock NTRBW DOES NOT MEET the criteria for screener type growth
INFO - 2025-01-26 21:57:03,474 - Stock NTRBW DOES NOT MEET the criteria for screener type magic_formula
INFO - 2025-01-26 21:57:03,641 - Stock RENE will be analyzed
INFO - 2025-01-26 21:57:03,643 - This is number 8 in the total list of stocks
INFO - 2025-01-26 21:57:03,663 - Stock RENE DOES NOT MEET the criteria for screener type undervalued
INFO - 2025-01-26 21:57:03,668 - Stock RENE DOES NOT MEET the criteria for screener type growth
INFO - 2025-01-26 21:57:03,672 - Stock RENE DOES NOT MEET the criteria for screener type magic_formula
INFO - 2025-01-26 21:57:04,052 - Stock GOVXW will be analyzed
INFO - 2025-01-26 21:57:04,053 - This is number 9 in the total list of stocks
INFO - 2025-01-26 21:57:04,073 - Stock GOVXW DOES NOT MEET the criteria for screener type undervalued
INFO - 2025-01-26 21:57:04,076 - Stock GOVXW DOES NOT MEET the criteria for screener type growth
INFO - 2025-01-26 21:57:04,078 - Stock GOVXW DOES NOT MEET the criteria for screener type magic_formula
INFO - 2025-01-26 21:57:04,433 - Stock KNDI will be analyzed
INFO - 2025-01-26 21:57:04,433 - This is number 10 in the total list of stocks
INFO - 2025-01-26 21:57:04,449 - Stock KNDI DOES NOT MEET the criteria for screener type undervalued
INFO - 2025-01-26 21:57:04,453 - Stock KNDI DOES NOT MEET the criteria for screener type growth
INFO - 2025-01-26 21:57:04,455 - Stock KNDI DOES NOT MEET the criteria for screener type magic_formula
INFO - 2025-01-26 21:57:04,778 - Stock CRSP will be analyzed
INFO - 2025-01-26 21:57:04,778 - This is number 11 in the total list of stocks
INFO - 2025-01-26 21:57:04,805 - Stock CRSP DOES NOT MEET the criteria for screener type undervalued
INFO - 2025-01-26 21:57:04,809 - Stock CRSP DOES NOT MEET the criteria for screener type growth
INFO - 2025-01-26 21:57:04,814 - Stock CRSP DOES NOT MEET the criteria for screener type magic_formula
WARNING - 2025-01-26 21:57:04,981 - Total number of requests: 99
INFO - 2025-01-26 21:57:04,996 - Finished stock analysis run
INFO - 2025-01-26 21:57:04,996 - Duration of the stock api run: 10.69 seconds
INFO - 2025-01-26 21:57:04,997 - The stock api run is equivalent to 0.18 minutes
